<?xml version="1.0" encoding="UTF-8"?>
<!-- Generated by org.testng.reporters.JUnitReportReporter -->
<testsuite hostname="DESKTOP-LHN9MF2" failures="0" tests="1" name="com.qspiders.book.TC_DWS_001_Test" time="6.216" errors="0" timestamp="2025-01-31T16:50:49 IST" skipped="0">
  <testcase classname="com.qspiders.book.TC_DWS_001_Test" name="clickonBooks" time="6.216"/>
  <system-out/>
</testsuite> <!-- com.qspiders.book.TC_DWS_001_Test -->
