<?xml version="1.0" encoding="UTF-8"?>
<!-- Generated by org.testng.reporters.JUnitReportReporter -->
<testsuite hostname="DESKTOP-LHN9MF2" failures="0" tests="1" name="com.qspiders.book.TC_DWS_001_Test" time="8.073" errors="0" timestamp="2025-01-30T17:33:13 IST" skipped="0">
  <testcase classname="com.qspiders.book.TC_DWS_001_Test" name="clickonBooks" time="8.073"/>
  <system-out/>
</testsuite> <!-- com.qspiders.book.TC_DWS_001_Test -->
