<?xml version="1.0" encoding="UTF-8"?>
<!-- Generated by org.testng.reporters.JUnitReportReporter -->
<testsuite hostname="DESKTOP-LHN9MF2" failures="0" tests="1" name="com.qspiders.computers.TC_DWS_010_Test" time="5.498" errors="0" timestamp="2025-01-31T16:50:49 IST" skipped="0">
  <testcase classname="com.qspiders.computers.TC_DWS_010_Test" name="clickOnComputers" time="5.498"/>
  <system-out/>
</testsuite> <!-- com.qspiders.computers.TC_DWS_010_Test -->
