<?xml version="1.0" encoding="UTF-8"?>
<!-- Generated by org.testng.reporters.JUnitReportReporter -->
<testsuite hostname="DESKTOP-LHN9MF2" failures="0" tests="1" name="com.qspiders.addtocart.TC_DWS_101_Test" time="6.227" errors="0" timestamp="2025-01-31T16:50:49 IST" skipped="0">
  <testcase classname="com.qspiders.addtocart.TC_DWS_101_Test" name="clicktoComputer" time="6.227"/>
  <system-out/>
</testsuite> <!-- com.qspiders.addtocart.TC_DWS_101_Test -->
